<?xml version="1.0" encoding="UTF-8"?>
<!-- Generated by org.testng.reporters.JUnitXMLReporter -->
<testsuite hostname="LAPTOP-MU37CDCT" ignored="0" name="AutomationTest" tests="3" failures="0" timestamp="2021-07-08T16:25:25 IST" time="43.716" errors="0">
  <testcase name="f" time="0.457" classname="Mavendemopackage.MavenDemoProject.CheckBox1"/>
  <testcase name="amazon" time="5.123" classname="Mavendemopackage.MavenDemoProject.TNG_001"/>
  <testcase name="f" time="0.631" classname="Mavendemopackage.MavenDemoProject.RadioButton1"/>
</testsuite> <!-- AutomationTest -->
