<?xml version="1.0" encoding="UTF-8"?>
<!-- Generated by org.testng.reporters.JUnitXMLReporter -->
<testsuite hostname="LAPTOP-MU37CDCT" ignored="0" name="ChromeTest" tests="3" failures="0" timestamp="2021-07-09T11:43:55 IST" time="63.827" errors="0">
  <testcase name="f" time="0.141" classname="Mavendemopackage.MavenDemoProject.CheckBox1"/>
  <testcase name="amazon" time="3.103" classname="Mavendemopackage.MavenDemoProject.TNG_001"/>
  <testcase name="f" time="0.158" classname="Mavendemopackage.MavenDemoProject.RadioButton1"/>
</testsuite> <!-- ChromeTest -->
