<?xml version="1.0" encoding="UTF-8"?>
<!-- Generated by org.testng.reporters.JUnitXMLReporter -->
<testsuite hostname="LAPTOP-MU37CDCT" ignored="0" name="FirefoxTest" tests="3" failures="0" timestamp="2021-07-08T17:29:12 IST" time="23.649" errors="0">
  <testcase name="@BeforeMethod beforeMethod" time="0.004" classname="Mavendemopackage.MavenDemoProject.RadioButton1">
    <failure type="java.io.FileNotFoundException" message="E:\ruchi\Programs\MavenDemoProject\null.properties (The system cannot find the file specified)">
      <![CDATA[java.io.FileNotFoundException: E:\ruchi\Programs\MavenDemoProject\null.properties (The system cannot find the file specified)
at java.io.FileInputStream.open0(Native Method)
at java.io.FileInputStream.open(Unknown Source)
at java.io.FileInputStream.<init>(Unknown Source)
at java.io.FileInputStream.<init>(Unknown Source)
at Mavendemopackage.MavenDemoProject.BaseTest.init(BaseTest.java:49)
at Mavendemopackage.MavenDemoProject.RadioButton1.beforeMethod(RadioButton1.java:32)
at java.util.concurrent.ThreadPoolExecutor.runWorker(Unknown Source)
at java.util.concurrent.ThreadPoolExecutor$Worker.run(Unknown Source)
at java.lang.Thread.run(Unknown Source)
... Removed 16 stack frames]]>
    </failure>
  </testcase> <!-- @BeforeMethod beforeMethod -->
  <testcase name="@BeforeMethod stratProcess" time="0.004" classname="Mavendemopackage.MavenDemoProject.TNG_001">
    <failure type="java.io.FileNotFoundException" message="E:\ruchi\Programs\MavenDemoProject\null.properties (The system cannot find the file specified)">
      <![CDATA[java.io.FileNotFoundException: E:\ruchi\Programs\MavenDemoProject\null.properties (The system cannot find the file specified)
at java.io.FileInputStream.open0(Native Method)
at java.io.FileInputStream.open(Unknown Source)
at java.io.FileInputStream.<init>(Unknown Source)
at java.io.FileInputStream.<init>(Unknown Source)
at Mavendemopackage.MavenDemoProject.BaseTest.init(BaseTest.java:49)
at Mavendemopackage.MavenDemoProject.TNG_001.stratProcess(TNG_001.java:32)
at java.util.concurrent.ThreadPoolExecutor.runWorker(Unknown Source)
at java.util.concurrent.ThreadPoolExecutor$Worker.run(Unknown Source)
at java.lang.Thread.run(Unknown Source)
... Removed 16 stack frames]]>
    </failure>
  </testcase> <!-- @BeforeMethod stratProcess -->
  <testcase name="@AfterMethod afterMethod" time="-1.625745528705E9" classname="Mavendemopackage.MavenDemoProject.RadioButton1">
    <skipped/>
  </testcase> <!-- @AfterMethod afterMethod -->
  <testcase name="@AfterMethod endProcess" time="-1.625745528706E9" classname="Mavendemopackage.MavenDemoProject.TNG_001">
    <skipped/>
  </testcase> <!-- @AfterMethod endProcess -->
  <testcase name="f" time="0.0" classname="Mavendemopackage.MavenDemoProject.RadioButton1">
    <skipped/>
  </testcase> <!-- f -->
  <testcase name="amazon" time="0.0" classname="Mavendemopackage.MavenDemoProject.TNG_001">
    <skipped/>
  </testcase> <!-- amazon -->
  <testcase name="f" time="0.793" classname="Mavendemopackage.MavenDemoProject.CheckBox1"/>
</testsuite> <!-- FirefoxTest -->
