<?xml version="1.0" encoding="UTF-8"?>
<testng-results skipped="0" failed="0" ignored="0" total="1" passed="1">
  <reporter-output>
  </reporter-output>
  <suite name="Suite" duration-ms="94365" started-at="2021-07-14T06:02:38Z" finished-at="2021-07-14T06:04:13Z">
    <groups>
      <group name="regression">
        <method signature="TNG_001.amazon()[pri:0, instance:Mavendemopackage.MavenDemoProject.TNG_001@12e61fe6]" name="amazon" class="Mavendemopackage.MavenDemoProject.TNG_001"/>
      </group> <!-- regression -->
      <group name="sanity">
        <method signature="TNG_001.amazon()[pri:0, instance:Mavendemopackage.MavenDemoProject.TNG_001@12e61fe6]" name="amazon" class="Mavendemopackage.MavenDemoProject.TNG_001"/>
      </group> <!-- sanity -->
    </groups>
    <test name="Test" duration-ms="94365" started-at="2021-07-14T06:02:38Z" finished-at="2021-07-14T06:04:13Z">
      <class name="Mavendemopackage.MavenDemoProject.TNG_001">
        <test-method status="PASS" signature="stratProcess(java.lang.String)[pri:0, instance:Mavendemopackage.MavenDemoProject.TNG_001@12e61fe6]" name="stratProcess" is-config="true" duration-ms="18895" started-at="2021-07-14T06:02:38Z" finished-at="2021-07-14T06:02:57Z">
          <params>
            <param index="0">
              <value>
                <![CDATA[chrome]]>
              </value>
            </param>
          </params>
          <reporter-output>
          </reporter-output>
        </test-method> <!-- stratProcess -->
        <test-method status="PASS" signature="amazon()[pri:0, instance:Mavendemopackage.MavenDemoProject.TNG_001@12e61fe6]" name="amazon" duration-ms="69565" started-at="2021-07-14T06:02:57Z" finished-at="2021-07-14T06:04:07Z">
          <reporter-output>
          </reporter-output>
        </test-method> <!-- amazon -->
        <test-method status="PASS" signature="endProcess()[pri:0, instance:Mavendemopackage.MavenDemoProject.TNG_001@12e61fe6]" name="endProcess" is-config="true" duration-ms="5865" started-at="2021-07-14T06:04:07Z" finished-at="2021-07-14T06:04:13Z">
          <reporter-output>
          </reporter-output>
        </test-method> <!-- endProcess -->
      </class> <!-- Mavendemopackage.MavenDemoProject.TNG_001 -->
    </test> <!-- Test -->
  </suite> <!-- Suite -->
</testng-results>
